<testsuites name="jest tests">
  <testsuite name="undefined" tests="1" errors="0" failures="0" skipped="0" timestamp="2017-08-01T02:27:13" time="4.021">
    <testcase classname=" CheckboxWithLabel changes the text after click" name=" CheckboxWithLabel changes the text after click" time="0.062">
    </testcase>
    <testcase classname="addition positive numbers" name="should add up" time="0.005">
    </testcase>
    <testcase classname="addition positive numbers 2" name="should add up 2" time="0.009">
    </testcase>
    <testcase classname="addition positive numbers 3" name="should add up 3" time="0.109">
    </testcase>
  </testsuite>
</testsuites>